Using pre-set license
Built from '2020.3/staging' branch; Version is '2020.3.11f1 (99c7afb366b3) revision 10078127'; Using compiler version '192528614'; Build Type 'Release'
OS: 'Windows 10 Home Single Language; OS build 19043.1081; Version 2009; 64bit' Language: 'en' Physical Memory: 7599 MB
BatchMode: 1, IsHumanControllingUs: 0, StartBugReporterOnCrash: 0, Is64bit: 1, IsPro: 0

 COMMAND LINE ARGUMENTS:
C:\Softwares\Unity\Editor\Unity.exe
-adb2
-batchMode
-noUpm
-name
AssetImportWorker0
-projectPath
C:/Unity Projects/Merlin's Demon War
-logFile
Logs/AssetImportWorker0.log
-srvPort
58923
Successfully changed project path to: C:/Unity Projects/Merlin's Demon War
C:/Unity Projects/Merlin's Demon War
Using Asset Import Pipeline V2.
Refreshing native plugins compatible for Editor in 49.31 ms, found 3 plugins.
Preloading 0 native plugins for Editor in 0.00 ms.
Initialize engine version: 2020.3.11f1 (99c7afb366b3)
[Subsystems] Discovering subsystems at path C:/Softwares/Unity/Editor/Data/Resources/UnitySubsystems
[Subsystems] Discovering subsystems at path C:/Unity Projects/Merlin's Demon War/Assets
GfxDevice: creating device client; threaded=0
Direct3D:
    Version:  Direct3D 11.0 [level 11.1]
    Renderer: NVIDIA GeForce GTX 1650 Ti (ID=0x1f95)
    Vendor:   
    VRAM:     3962 MB
    Driver:   30.0.14.7111
Initialize mono
Mono path[0] = 'C:/Softwares/Unity/Editor/Data/Managed'
Mono path[1] = 'C:/Softwares/Unity/Editor/Data/MonoBleedingEdge/lib/mono/unityjit'
Mono config path = 'C:/Softwares/Unity/Editor/Data/MonoBleedingEdge/etc'
Using monoOptions --debugger-agent=transport=dt_socket,embedding=1,server=y,suspend=n,address=127.0.0.1:56952
Begin MonoManager ReloadAssembly
Registering precompiled unity dll's ...
Register platform support module: C:/Softwares/Unity/Editor/Data/PlaybackEngines/WindowsStandaloneSupport/UnityEditor.WindowsStandalone.Extensions.dll
Registered in 0.001756 seconds.
Native extension for WindowsStandalone target not found
Refreshing native plugins compatible for Editor in 40.93 ms, found 3 plugins.
Preloading 0 native plugins for Editor in 0.00 ms.
Mono: successfully reloaded assembly
- Completed reload, in  1.024 seconds
Platform modules already initialized, skipping
Registering precompiled user dll's ...
Registered in 0.003644 seconds.
Begin MonoManager ReloadAssembly
Native extension for WindowsStandalone target not found
Refreshing native plugins compatible for Editor in 39.75 ms, found 3 plugins.
Preloading 0 native plugins for Editor in 0.00 ms.
Mono: successfully reloaded assembly
- Completed reload, in  1.136 seconds
Platform modules already initialized, skipping
========================================================================
Worker process is ready to serve import requests
Launched and connected shader compiler UnityShaderCompiler.exe after 0.07 seconds
Refreshing native plugins compatible for Editor in 0.50 ms, found 3 plugins.
Preloading 0 native plugins for Editor in 0.00 ms.
Unloading 2091 Unused Serialized files (Serialized files now loaded: 0)
System memory in use before: 93.2 MB.
System memory in use after: 93.2 MB.

Unloading 33 unused Assets to reduce memory usage. Loaded Objects now: 2527.
Total: 2.467900 ms (FindLiveObjects: 0.300000 ms CreateObjectMapping: 0.056800 ms MarkObjects: 1.965600 ms  DeleteObjects: 0.144100 ms)

========================================================================
Received Import Request.
  path: Assets/ScriptableObjects/FireAttackCard.asset
  artifactKey: Guid(a25ec3b09e255f24baac2c844abc046b) Importer(815301076,1909f56bfc062723c751e8b465ee728b)
Start importing Assets/ScriptableObjects/FireAttackCard.asset using Guid(a25ec3b09e255f24baac2c844abc046b) Importer(815301076,1909f56bfc062723c751e8b465ee728b)  -> (artifact id: '69f9293326916129bb70183a1bffb0ee') in 0.062517 seconds
  Import took 0.067102 seconds .

========================================================================
Received Prepare
Refreshing native plugins compatible for Editor in 3.62 ms, found 3 plugins.
Preloading 0 native plugins for Editor in 0.00 ms.
Unloading 19 Unused Serialized files (Serialized files now loaded: 0)
System memory in use before: 52.2 MB.
System memory in use after: 52.2 MB.

Unloading 19 unused Assets to reduce memory usage. Loaded Objects now: 2527.
Total: 2.809100 ms (FindLiveObjects: 0.523800 ms CreateObjectMapping: 0.051900 ms MarkObjects: 2.113700 ms  DeleteObjects: 0.118300 ms)

========================================================================
Received Import Request.
  Time since last request: 17.479753 seconds.
  path: Assets/ScriptableObjects/Destruct.asset
  artifactKey: Guid(a3f0dd3d83c528a4bb1ebd3b809e6889) Importer(815301076,1909f56bfc062723c751e8b465ee728b)
Start importing Assets/ScriptableObjects/Destruct.asset using Guid(a3f0dd3d83c528a4bb1ebd3b809e6889) Importer(815301076,1909f56bfc062723c751e8b465ee728b)  -> (artifact id: '6548b1b3930f5504f2a9f2bd06a4b18b') in 0.008761 seconds
  Import took 0.013968 seconds .

========================================================================
Received Import Request.
  Time since last request: 10.430465 seconds.
  path: Assets/ScriptableObjects/DestructCard.asset
  artifactKey: Guid(a3f0dd3d83c528a4bb1ebd3b809e6889) Importer(815301076,1909f56bfc062723c751e8b465ee728b)
Start importing Assets/ScriptableObjects/DestructCard.asset using Guid(a3f0dd3d83c528a4bb1ebd3b809e6889) Importer(815301076,1909f56bfc062723c751e8b465ee728b)  -> (artifact id: '8f0fb30ec5cf918a9136bb1786034793') in 0.009128 seconds
  Import took 0.013755 seconds .

========================================================================
Received Import Request.
  Time since last request: 978.517716 seconds.
  path: Assets/Prefabs/EffectFromLeft.prefab
  artifactKey: Guid(9e0f133a7c4fcdc4c9a96d513f36bb0f) Importer(815301076,1909f56bfc062723c751e8b465ee728b)
Start importing Assets/Prefabs/EffectFromLeft.prefab using Guid(9e0f133a7c4fcdc4c9a96d513f36bb0f) Importer(815301076,1909f56bfc062723c751e8b465ee728b)  -> (artifact id: '768efb5bbf2d06cc70739686a2867b14') in 0.029395 seconds
  Import took 0.034903 seconds .

========================================================================
Received Import Request.
  Time since last request: 0.006509 seconds.
  path: Assets/Prefabs/EffectFromLeft.prefab
  artifactKey: Guid(9e0f133a7c4fcdc4c9a96d513f36bb0f) Importer(815301076,1909f56bfc062723c751e8b465ee728b)
Start importing Assets/Prefabs/EffectFromLeft.prefab using Guid(9e0f133a7c4fcdc4c9a96d513f36bb0f) Importer(815301076,1909f56bfc062723c751e8b465ee728b)  -> (artifact id: '768efb5bbf2d06cc70739686a2867b14') in 0.005229 seconds
  Import took 0.009147 seconds .

========================================================================
Received Import Request.
  Time since last request: 6.911223 seconds.
  path: Assets/Prefabs/EffectFromLeft.prefab
  artifactKey: Guid(9e0f133a7c4fcdc4c9a96d513f36bb0f) Importer(815301076,1909f56bfc062723c751e8b465ee728b)
Start importing Assets/Prefabs/EffectFromLeft.prefab using Guid(9e0f133a7c4fcdc4c9a96d513f36bb0f) Importer(815301076,1909f56bfc062723c751e8b465ee728b)  -> (artifact id: 'f0ef6eb255cfc41489935cf683eaac2e') in 0.007161 seconds
  Import took 0.013991 seconds .

========================================================================
Received Import Request.
  Time since last request: 0.062390 seconds.
  path: Assets/Prefabs/EffectFromLeft.prefab
  artifactKey: Guid(9e0f133a7c4fcdc4c9a96d513f36bb0f) Importer(815301076,1909f56bfc062723c751e8b465ee728b)
Start importing Assets/Prefabs/EffectFromLeft.prefab using Guid(9e0f133a7c4fcdc4c9a96d513f36bb0f) Importer(815301076,1909f56bfc062723c751e8b465ee728b)  -> (artifact id: 'f0ef6eb255cfc41489935cf683eaac2e') in 0.009550 seconds
  Import took 0.014358 seconds .

========================================================================
Received Import Request.
  Time since last request: 6.532567 seconds.
  path: Assets/Prefabs/EffectFromLeft.prefab
  artifactKey: Guid(9e0f133a7c4fcdc4c9a96d513f36bb0f) Importer(815301076,1909f56bfc062723c751e8b465ee728b)
Start importing Assets/Prefabs/EffectFromLeft.prefab using Guid(9e0f133a7c4fcdc4c9a96d513f36bb0f) Importer(815301076,1909f56bfc062723c751e8b465ee728b)  -> (artifact id: 'bc1abbc5cb2fea2d4150332c1d41eb9a') in 0.005027 seconds
  Import took 0.010002 seconds .

========================================================================
Received Import Request.
  Time since last request: 6.584186 seconds.
  path: Assets/Prefabs/EffectFromLeft.prefab
  artifactKey: Guid(9e0f133a7c4fcdc4c9a96d513f36bb0f) Importer(815301076,1909f56bfc062723c751e8b465ee728b)
Start importing Assets/Prefabs/EffectFromLeft.prefab using Guid(9e0f133a7c4fcdc4c9a96d513f36bb0f) Importer(815301076,1909f56bfc062723c751e8b465ee728b)  -> (artifact id: '620182f3187212ec6a8a4c3ef512b686') in 0.005878 seconds
  Import took 0.009580 seconds .

========================================================================
Received Import Request.
  Time since last request: 152.139135 seconds.
  path: Assets/Scripts/CardData.cs
  artifactKey: Guid(e28cd1a136479e24d86bbbbccc035f4d) Importer(815301076,1909f56bfc062723c751e8b465ee728b)
Start importing Assets/Scripts/CardData.cs using Guid(e28cd1a136479e24d86bbbbccc035f4d) Importer(815301076,1909f56bfc062723c751e8b465ee728b)  -> (artifact id: 'b190fe359d837bde4dc096e598e889c2') in 0.012733 seconds
  Import took 0.018881 seconds .

========================================================================
Received Import Request.
  Time since last request: 0.000701 seconds.
  path: Assets/Scripts/CardData.cs
  artifactKey: Guid(e28cd1a136479e24d86bbbbccc035f4d) Importer(815301076,1909f56bfc062723c751e8b465ee728b)
Start importing Assets/Scripts/CardData.cs using Guid(e28cd1a136479e24d86bbbbccc035f4d) Importer(815301076,1909f56bfc062723c751e8b465ee728b)  -> (artifact id: 'b190fe359d837bde4dc096e598e889c2') in 0.003572 seconds
  Import took 0.007159 seconds .

========================================================================
Received Prepare
Registering precompiled user dll's ...
Registered in 0.007095 seconds.
Begin MonoManager ReloadAssembly
Native extension for WindowsStandalone target not found
Refreshing native plugins compatible for Editor in 0.48 ms, found 3 plugins.
Preloading 0 native plugins for Editor in 0.00 ms.
Mono: successfully reloaded assembly
- Completed reload, in  1.056 seconds
Platform modules already initialized, skipping
Refreshing native plugins compatible for Editor in 0.48 ms, found 3 plugins.
Preloading 0 native plugins for Editor in 0.00 ms.
Unloading 2086 Unused Serialized files (Serialized files now loaded: 0)
System memory in use before: 93.2 MB.
System memory in use after: 93.2 MB.

Unloading 21 unused Assets to reduce memory usage. Loaded Objects now: 2531.
Total: 2.414400 ms (FindLiveObjects: 0.230100 ms CreateObjectMapping: 0.052900 ms MarkObjects: 1.993200 ms  DeleteObjects: 0.136500 ms)

========================================================================
Received Import Request.
  Time since last request: 56.279378 seconds.
  path: Assets/ScriptableObjects/DestructCard.asset
  artifactKey: Guid(a3f0dd3d83c528a4bb1ebd3b809e6889) Importer(815301076,1909f56bfc062723c751e8b465ee728b)
Start importing Assets/ScriptableObjects/DestructCard.asset using Guid(a3f0dd3d83c528a4bb1ebd3b809e6889) Importer(815301076,1909f56bfc062723c751e8b465ee728b)  -> (artifact id: '786343a5a437f1da607658d5104d62a8') in 0.020455 seconds
  Import took 0.025657 seconds .

========================================================================
Received Prepare
Registering precompiled user dll's ...
Registered in 0.003632 seconds.
Begin MonoManager ReloadAssembly
Native extension for WindowsStandalone target not found
Refreshing native plugins compatible for Editor in 0.56 ms, found 3 plugins.
Preloading 0 native plugins for Editor in 0.00 ms.
Mono: successfully reloaded assembly
- Completed reload, in  1.078 seconds
Platform modules already initialized, skipping
Refreshing native plugins compatible for Editor in 0.60 ms, found 3 plugins.
Preloading 0 native plugins for Editor in 0.00 ms.
Unloading 2086 Unused Serialized files (Serialized files now loaded: 0)
System memory in use before: 93.3 MB.
System memory in use after: 93.2 MB.

Unloading 21 unused Assets to reduce memory usage. Loaded Objects now: 2535.
Total: 2.506400 ms (FindLiveObjects: 0.225000 ms CreateObjectMapping: 0.054400 ms MarkObjects: 2.079600 ms  DeleteObjects: 0.145300 ms)

========================================================================
Received Prepare
Registering precompiled user dll's ...
Registered in 0.003547 seconds.
Begin MonoManager ReloadAssembly
Native extension for WindowsStandalone target not found
Refreshing native plugins compatible for Editor in 0.47 ms, found 3 plugins.
Preloading 0 native plugins for Editor in 0.00 ms.
Mono: successfully reloaded assembly
- Completed reload, in  1.041 seconds
Platform modules already initialized, skipping
Refreshing native plugins compatible for Editor in 0.50 ms, found 3 plugins.
Preloading 0 native plugins for Editor in 0.00 ms.
Unloading 2086 Unused Serialized files (Serialized files now loaded: 0)
System memory in use before: 93.3 MB.
System memory in use after: 93.3 MB.

Unloading 21 unused Assets to reduce memory usage. Loaded Objects now: 2539.
Total: 2.688100 ms (FindLiveObjects: 0.406500 ms CreateObjectMapping: 0.062100 ms MarkObjects: 2.098500 ms  DeleteObjects: 0.119400 ms)

========================================================================
Received Prepare
Registering precompiled user dll's ...
Registered in 0.003791 seconds.
Begin MonoManager ReloadAssembly
Native extension for WindowsStandalone target not found
Refreshing native plugins compatible for Editor in 0.48 ms, found 3 plugins.
Preloading 0 native plugins for Editor in 0.00 ms.
Mono: successfully reloaded assembly
- Completed reload, in  1.064 seconds
Platform modules already initialized, skipping
Refreshing native plugins compatible for Editor in 0.60 ms, found 3 plugins.
Preloading 0 native plugins for Editor in 0.00 ms.
Unloading 2086 Unused Serialized files (Serialized files now loaded: 0)
System memory in use before: 93.3 MB.
System memory in use after: 93.3 MB.

Unloading 21 unused Assets to reduce memory usage. Loaded Objects now: 2543.
Total: 3.796100 ms (FindLiveObjects: 0.553100 ms CreateObjectMapping: 0.131200 ms MarkObjects: 2.989400 ms  DeleteObjects: 0.120100 ms)

========================================================================
Received Prepare
Registering precompiled user dll's ...
Registered in 0.004122 seconds.
Begin MonoManager ReloadAssembly
Native extension for WindowsStandalone target not found
Refreshing native plugins compatible for Editor in 0.50 ms, found 3 plugins.
Preloading 0 native plugins for Editor in 0.00 ms.
Mono: successfully reloaded assembly
- Completed reload, in  1.063 seconds
Platform modules already initialized, skipping
Refreshing native plugins compatible for Editor in 0.49 ms, found 3 plugins.
Preloading 0 native plugins for Editor in 0.00 ms.
Unloading 2086 Unused Serialized files (Serialized files now loaded: 0)
System memory in use before: 93.3 MB.
System memory in use after: 93.3 MB.

Unloading 21 unused Assets to reduce memory usage. Loaded Objects now: 2547.
Total: 2.947400 ms (FindLiveObjects: 0.358000 ms CreateObjectMapping: 0.125200 ms MarkObjects: 2.340400 ms  DeleteObjects: 0.121900 ms)

========================================================================
Received Prepare
Registering precompiled user dll's ...
Registered in 0.003631 seconds.
Begin MonoManager ReloadAssembly
Native extension for WindowsStandalone target not found
Refreshing native plugins compatible for Editor in 0.47 ms, found 3 plugins.
Preloading 0 native plugins for Editor in 0.00 ms.
Mono: successfully reloaded assembly
- Completed reload, in  0.997 seconds
Platform modules already initialized, skipping
Refreshing native plugins compatible for Editor in 0.57 ms, found 3 plugins.
Preloading 0 native plugins for Editor in 0.00 ms.
Unloading 2086 Unused Serialized files (Serialized files now loaded: 0)
System memory in use before: 93.3 MB.
System memory in use after: 93.3 MB.

Unloading 21 unused Assets to reduce memory usage. Loaded Objects now: 2551.
Total: 2.730800 ms (FindLiveObjects: 0.236600 ms CreateObjectMapping: 0.055400 ms MarkObjects: 2.308200 ms  DeleteObjects: 0.128800 ms)

========================================================================
Received Prepare
Registering precompiled user dll's ...
Registered in 0.003564 seconds.
Begin MonoManager ReloadAssembly
Native extension for WindowsStandalone target not found
Refreshing native plugins compatible for Editor in 0.51 ms, found 3 plugins.
Preloading 0 native plugins for Editor in 0.00 ms.
Mono: successfully reloaded assembly
- Completed reload, in  1.035 seconds
Platform modules already initialized, skipping
Refreshing native plugins compatible for Editor in 0.57 ms, found 3 plugins.
Preloading 0 native plugins for Editor in 0.00 ms.
Unloading 2086 Unused Serialized files (Serialized files now loaded: 0)
System memory in use before: 93.3 MB.
System memory in use after: 93.3 MB.

Unloading 21 unused Assets to reduce memory usage. Loaded Objects now: 2555.
Total: 3.497700 ms (FindLiveObjects: 0.524100 ms CreateObjectMapping: 0.110100 ms MarkObjects: 2.727000 ms  DeleteObjects: 0.132200 ms)

========================================================================
Received Import Request.
  Time since last request: 1235.927193 seconds.
  path: Assets/Prefabs/EffectFromRight.prefab
  artifactKey: Guid(84e72dd282748f94685cb960f46fa910) Importer(815301076,1909f56bfc062723c751e8b465ee728b)
Start importing Assets/Prefabs/EffectFromRight.prefab using Guid(84e72dd282748f94685cb960f46fa910) Importer(815301076,1909f56bfc062723c751e8b465ee728b)  -> (artifact id: '36fbd9f9620821a418797407c9e09c7a') in 0.050495 seconds
  Import took 0.054999 seconds .

========================================================================
Received Import Request.
  Time since last request: 28.732522 seconds.
  path: Assets/Prefabs/EffectFromLeft.prefab
  artifactKey: Guid(9e0f133a7c4fcdc4c9a96d513f36bb0f) Importer(815301076,1909f56bfc062723c751e8b465ee728b)
Start importing Assets/Prefabs/EffectFromLeft.prefab using Guid(9e0f133a7c4fcdc4c9a96d513f36bb0f) Importer(815301076,1909f56bfc062723c751e8b465ee728b)  -> (artifact id: '4b7e9232a8e43f325e7438eb2d92dd5f') in 0.007016 seconds
  Import took 0.013063 seconds .

========================================================================
Received Import Request.
  Time since last request: 0.000841 seconds.
  path: Assets/Prefabs/EffectFromLeft.prefab
  artifactKey: Guid(9e0f133a7c4fcdc4c9a96d513f36bb0f) Importer(815301076,1909f56bfc062723c751e8b465ee728b)
Start importing Assets/Prefabs/EffectFromLeft.prefab using Guid(9e0f133a7c4fcdc4c9a96d513f36bb0f) Importer(815301076,1909f56bfc062723c751e8b465ee728b)  -> (artifact id: '4b7e9232a8e43f325e7438eb2d92dd5f') in 0.006003 seconds
  Import took 0.010512 seconds .

========================================================================
Received Prepare
Registering precompiled user dll's ...
Registered in 0.006815 seconds.
Begin MonoManager ReloadAssembly
Native extension for WindowsStandalone target not found
Refreshing native plugins compatible for Editor in 1.04 ms, found 3 plugins.
Preloading 0 native plugins for Editor in 0.00 ms.
Mono: successfully reloaded assembly
- Completed reload, in  1.890 seconds
Platform modules already initialized, skipping
Refreshing native plugins compatible for Editor in 0.58 ms, found 3 plugins.
Preloading 0 native plugins for Editor in 0.00 ms.
Unloading 2086 Unused Serialized files (Serialized files now loaded: 0)
System memory in use before: 93.3 MB.
System memory in use after: 93.3 MB.

Unloading 21 unused Assets to reduce memory usage. Loaded Objects now: 2559.
Total: 3.297800 ms (FindLiveObjects: 0.320300 ms CreateObjectMapping: 0.096500 ms MarkObjects: 2.741800 ms  DeleteObjects: 0.137000 ms)

========================================================================
Received Prepare
Registering precompiled user dll's ...
Registered in 0.003833 seconds.
Begin MonoManager ReloadAssembly
Native extension for WindowsStandalone target not found
Refreshing native plugins compatible for Editor in 0.51 ms, found 3 plugins.
Preloading 0 native plugins for Editor in 0.00 ms.
Mono: successfully reloaded assembly
- Completed reload, in  1.041 seconds
Platform modules already initialized, skipping
Refreshing native plugins compatible for Editor in 0.56 ms, found 3 plugins.
Preloading 0 native plugins for Editor in 0.00 ms.
Unloading 2086 Unused Serialized files (Serialized files now loaded: 0)
System memory in use before: 93.3 MB.
System memory in use after: 93.3 MB.

Unloading 21 unused Assets to reduce memory usage. Loaded Objects now: 2563.
Total: 3.356400 ms (FindLiveObjects: 0.234900 ms CreateObjectMapping: 0.055900 ms MarkObjects: 2.934700 ms  DeleteObjects: 0.128900 ms)

========================================================================
Received Import Request.
  Time since last request: 603.392485 seconds.
  path: Assets/Scenes/GamePlay.unity
  artifactKey: Guid(e1ba5704504fb484c8f17cfa04e04eb3) Importer(815301076,1909f56bfc062723c751e8b465ee728b)
Start importing Assets/Scenes/GamePlay.unity using Guid(e1ba5704504fb484c8f17cfa04e04eb3) Importer(815301076,1909f56bfc062723c751e8b465ee728b)  -> (artifact id: '9883be08f327c959be2df72131ce4ff3') in 0.023673 seconds
  Import took 0.027922 seconds .

========================================================================
Received Prepare
Refreshing native plugins compatible for Editor in 3.69 ms, found 3 plugins.
Preloading 0 native plugins for Editor in 0.00 ms.
Unloading 19 Unused Serialized files (Serialized files now loaded: 0)
System memory in use before: 52.5 MB.
System memory in use after: 52.5 MB.

Unloading 19 unused Assets to reduce memory usage. Loaded Objects now: 2563.
Total: 2.586100 ms (FindLiveObjects: 0.218800 ms CreateObjectMapping: 0.051800 ms MarkObjects: 2.194600 ms  DeleteObjects: 0.119900 ms)

========================================================================
Received Prepare
Refreshing native plugins compatible for Editor in 3.75 ms, found 3 plugins.
Preloading 0 native plugins for Editor in 0.00 ms.
Unloading 19 Unused Serialized files (Serialized files now loaded: 0)
System memory in use before: 52.5 MB.
System memory in use after: 52.5 MB.

Unloading 19 unused Assets to reduce memory usage. Loaded Objects now: 2563.
Total: 3.309300 ms (FindLiveObjects: 0.246200 ms CreateObjectMapping: 0.051400 ms MarkObjects: 2.877700 ms  DeleteObjects: 0.132600 ms)

AssetImportWorkerClient::OnTransportError - code=2 error=End of file
